<?xml version="1.0" encoding="UTF-8"?>
<testng-results skipped="0" failed="1" ignored="0" total="1" passed="0">
  <reporter-output>
  </reporter-output>
  <suite name="Default suite" duration-ms="41997" started-at="2020-09-20T10:50:33Z" finished-at="2020-09-20T10:51:15Z">
    <groups>
    </groups>
    <test name="Default test" duration-ms="41997" started-at="2020-09-20T10:50:33Z" finished-at="2020-09-20T10:51:15Z">
      <class name="com.coats.tests.COATS_TEST_001">
        <test-method status="PASS" signature="openApplication()[pri:0, instance:com.coats.tests.COATS_TEST_001@39c0f4a]" name="openApplication" is-config="true" duration-ms="17135" started-at="2020-09-20T10:50:33Z" finished-at="2020-09-20T10:50:50Z">
          <reporter-output>
          </reporter-output>
        </test-method> <!-- openApplication -->
        <test-method status="FAIL" signature="coats_test_001()[pri:0, instance:com.coats.tests.COATS_TEST_001@39c0f4a]" name="coats_test_001" duration-ms="24799" started-at="2020-09-20T10:50:50Z" finished-at="2020-09-20T10:51:15Z">
          <exception class="java.lang.StringIndexOutOfBoundsException">
            <message>
              <![CDATA[String index out of range: -2]]>
            </message>
            <full-stacktrace>
              <![CDATA[java.lang.StringIndexOutOfBoundsException: String index out of range: -2
at java.lang.String.substring(Unknown Source)
at com.coats.steps.SearchSteps.getFlightPrice(SearchSteps.java:49)
at com.coats.tests.COATS_TEST_001.coats_test_001(COATS_TEST_001.java:39)
at sun.reflect.NativeMethodAccessorImpl.invoke0(Native Method)
at sun.reflect.NativeMethodAccessorImpl.invoke(Unknown Source)
at sun.reflect.DelegatingMethodAccessorImpl.invoke(Unknown Source)
at java.lang.reflect.Method.invoke(Unknown Source)
at org.testng.internal.MethodInvocationHelper.invokeMethod(MethodInvocationHelper.java:124)
at org.testng.internal.Invoker.invokeMethod(Invoker.java:583)
at org.testng.internal.Invoker.invokeTestMethod(Invoker.java:719)
at org.testng.internal.Invoker.invokeTestMethods(Invoker.java:989)
at org.testng.internal.TestMethodWorker.invokeTestMethods(TestMethodWorker.java:125)
at org.testng.internal.TestMethodWorker.run(TestMethodWorker.java:109)
at org.testng.TestRunner.privateRun(TestRunner.java:648)
at org.testng.TestRunner.run(TestRunner.java:505)
at org.testng.SuiteRunner.runTest(SuiteRunner.java:455)
at org.testng.SuiteRunner.runSequentially(SuiteRunner.java:450)
at org.testng.SuiteRunner.privateRun(SuiteRunner.java:415)
at org.testng.SuiteRunner.run(SuiteRunner.java:364)
at org.testng.SuiteRunnerWorker.runSuite(SuiteRunnerWorker.java:52)
at org.testng.SuiteRunnerWorker.run(SuiteRunnerWorker.java:84)
at org.testng.TestNG.runSuitesSequentially(TestNG.java:1208)
at org.testng.TestNG.runSuitesLocally(TestNG.java:1137)
at org.testng.TestNG.runSuites(TestNG.java:1049)
at org.testng.TestNG.run(TestNG.java:1017)
at org.testng.remote.AbstractRemoteTestNG.run(AbstractRemoteTestNG.java:114)
at org.testng.remote.RemoteTestNG.initAndRun(RemoteTestNG.java:251)
at org.testng.remote.RemoteTestNG.main(RemoteTestNG.java:77)
]]>
            </full-stacktrace>
          </exception> <!-- java.lang.StringIndexOutOfBoundsException -->
          <reporter-output>
          </reporter-output>
        </test-method> <!-- coats_test_001 -->
        <test-method status="PASS" signature="closeSession()[pri:0, instance:com.coats.tests.COATS_TEST_001@39c0f4a]" name="closeSession" is-config="true" duration-ms="0" started-at="2020-09-20T10:51:15Z" finished-at="2020-09-20T10:51:15Z">
          <reporter-output>
          </reporter-output>
        </test-method> <!-- closeSession -->
      </class> <!-- com.coats.tests.COATS_TEST_001 -->
    </test> <!-- Default test -->
  </suite> <!-- Default suite -->
</testng-results>
